<?xml version="1.0" encoding="UTF-8"?>
<!-- Generated by org.testng.reporters.JUnitReportReporter -->
<testsuite skipped="0" hostname="HANDHELP-30266" name="business.teste.runner.Runner" tests="1" failures="0" timestamp="2022-03-29T10:21:24 BRT" time="8.465" errors="1">
  <testcase name="runScenario" time="8.465" classname="business.teste.runner.Runner">
    <error type="io.cucumber.java.PendingException" message="TODO: implement me">
      <![CDATA[io.cucumber.java.PendingException: TODO: implement me
at business.teste.vehicledata.VehicleDataSteps.enviar(VehicleDataSteps.java:33)
at âœ½.enviar(file:///C:/dev/Workspaces/Study/testng-cucumber-selenium/src/main/resources/features/test.feature:11)
]]>
    </error>
  </testcase> <!-- runScenario -->
  <system-out/>
</testsuite> <!-- business.teste.runner.Runner -->
